Using pre-set license
Built from '2022.3/staging' branch; Version is '2022.3.4f1 (35713cd46cd7) revision 3502396'; Using compiler version '192829333'; Build Type 'Release'
OS: 'Windows 11  (10.0.22621) 64bit Professional' Language: 'es' Physical Memory: 32581 MB
BatchMode: 1, IsHumanControllingUs: 0, StartBugReporterOnCrash: 0, Is64bit: 1, IsPro: 1

COMMAND LINE ARGUMENTS:
C:\Program Files\Unity\Hub\Editor\2022.3.4f1\Editor\Unity.exe
-adb2
-batchMode
-noUpm
-name
AssetImportWorker2
-projectPath
C:/Users/alber/WolfIsWatching
-logFile
Logs/AssetImportWorker2.log
-srvPort
64245
Successfully changed project path to: C:/Users/alber/WolfIsWatching
C:/Users/alber/WolfIsWatching
[UnityMemory] Configuration Parameters - Can be set up in boot.config
    "memorysetup-bucket-allocator-granularity=16"
    "memorysetup-bucket-allocator-bucket-count=8"
    "memorysetup-bucket-allocator-block-size=33554432"
    "memorysetup-bucket-allocator-block-count=8"
    "memorysetup-main-allocator-block-size=16777216"
    "memorysetup-thread-allocator-block-size=16777216"
    "memorysetup-gfx-main-allocator-block-size=16777216"
    "memorysetup-gfx-thread-allocator-block-size=16777216"
    "memorysetup-cache-allocator-block-size=4194304"
    "memorysetup-typetree-allocator-block-size=2097152"
    "memorysetup-profiler-bucket-allocator-granularity=16"
    "memorysetup-profiler-bucket-allocator-bucket-count=8"
    "memorysetup-profiler-bucket-allocator-block-size=33554432"
    "memorysetup-profiler-bucket-allocator-block-count=8"
    "memorysetup-profiler-allocator-block-size=16777216"
    "memorysetup-profiler-editor-allocator-block-size=1048576"
    "memorysetup-temp-allocator-size-main=16777216"
    "memorysetup-job-temp-allocator-block-size=2097152"
    "memorysetup-job-temp-allocator-block-size-background=1048576"
    "memorysetup-job-temp-allocator-reduction-small-platforms=262144"
    "memorysetup-allocator-temp-initial-block-size-main=262144"
    "memorysetup-allocator-temp-initial-block-size-worker=262144"
    "memorysetup-temp-allocator-size-background-worker=32768"
    "memorysetup-temp-allocator-size-job-worker=262144"
    "memorysetup-temp-allocator-size-preload-manager=33554432"
    "memorysetup-temp-allocator-size-nav-mesh-worker=65536"
    "memorysetup-temp-allocator-size-audio-worker=65536"
    "memorysetup-temp-allocator-size-cloud-worker=32768"
    "memorysetup-temp-allocator-size-gi-baking-worker=262144"
    "memorysetup-temp-allocator-size-gfx=262144"
Player connection [29448] Host "[IP] 192.168.1.89 [Port] 0 [Flags] 2 [Guid] 507706278 [EditorId] 507706278 [Version] 1048832 [Id] WindowsEditor(7,Hanamichi) [Debug] 1 [PackageName] WindowsEditor [ProjectName] Editor" joined multi-casting on [225.0.0.222:54997]...

Player connection [29448] Host "[IP] 192.168.1.89 [Port] 0 [Flags] 2 [Guid] 507706278 [EditorId] 507706278 [Version] 1048832 [Id] WindowsEditor(7,Hanamichi) [Debug] 1 [PackageName] WindowsEditor [ProjectName] Editor" joined alternative multi-casting on [225.0.0.222:34997]...

Refreshing native plugins compatible for Editor in 6.68 ms, found 3 plugins.
Preloading 0 native plugins for Editor in 0.00 ms.
Initialize engine version: 2022.3.4f1 (35713cd46cd7)
[Subsystems] Discovering subsystems at path C:/Program Files/Unity/Hub/Editor/2022.3.4f1/Editor/Data/Resources/UnitySubsystems
[Subsystems] Discovering subsystems at path C:/Users/alber/WolfIsWatching/Assets
GfxDevice: creating device client; threaded=0; jobified=0
Direct3D:
    Version:  Direct3D 11.0 [level 11.1]
    Renderer: NVIDIA GeForce RTX 3060 (ID=0x2504)
    Vendor:   NVIDIA
    VRAM:     12129 MB
    Driver:   31.0.15.3742
Initialize mono
Mono path[0] = 'C:/Program Files/Unity/Hub/Editor/2022.3.4f1/Editor/Data/Managed'
Mono path[1] = 'C:/Program Files/Unity/Hub/Editor/2022.3.4f1/Editor/Data/MonoBleedingEdge/lib/mono/unityjit-win32'
Mono config path = 'C:/Program Files/Unity/Hub/Editor/2022.3.4f1/Editor/Data/MonoBleedingEdge/etc'
Using monoOptions --debugger-agent=transport=dt_socket,embedding=1,server=y,suspend=n,address=127.0.0.1:56428
Begin MonoManager ReloadAssembly
Registering precompiled unity dll's ...
Register platform support module: C:/Program Files/Unity/Hub/Editor/2022.3.4f1/Editor/Data/PlaybackEngines/WebGLSupport/UnityEditor.WebGL.Extensions.dll
Register platform support module: C:/Program Files/Unity/Hub/Editor/2022.3.4f1/Editor/Data/PlaybackEngines/WindowsStandaloneSupport/UnityEditor.WindowsStandalone.Extensions.dll
Registered in 0.005182 seconds.
- Loaded All Assemblies, in  0.187 seconds
Native extension for WindowsStandalone target not found
Native extension for WebGL target not found
Mono: successfully reloaded assembly
- Finished resetting the current domain, in  0.146 seconds
Domain Reload Profiling: 332ms
	BeginReloadAssembly (48ms)
		ExecutionOrderSort (0ms)
		DisableScriptedObjects (0ms)
		BackupInstance (0ms)
		ReleaseScriptingObjects (0ms)
		CreateAndSetChildDomain (0ms)
	RebuildCommonClasses (19ms)
	RebuildNativeTypeToScriptingClass (6ms)
	initialDomainReloadingComplete (35ms)
	LoadAllAssembliesAndSetupDomain (78ms)
		LoadAssemblies (47ms)
		RebuildTransferFunctionScriptingTraits (0ms)
		AnalyzeDomain (75ms)
			TypeCache.Refresh (74ms)
				TypeCache.ScanAssembly (68ms)
			ScanForSourceGeneratedMonoScriptInfo (0ms)
			ResolveRequiredComponents (0ms)
	FinalizeReload (146ms)
		ReleaseScriptCaches (0ms)
		RebuildScriptCaches (0ms)
		SetupLoadedEditorAssemblies (113ms)
			LogAssemblyErrors (0ms)
			InitializePlatformSupportModulesInManaged (6ms)
			SetLoadedEditorAssemblies (3ms)
			RefreshPlugins (0ms)
			BeforeProcessingInitializeOnLoad (1ms)
			ProcessInitializeOnLoadAttributes (76ms)
			ProcessInitializeOnLoadMethodAttributes (27ms)
			AfterProcessingInitializeOnLoad (0ms)
			EditorAssembliesLoaded (0ms)
		ExecutionOrderSort2 (0ms)
		AwakeInstancesAfterBackupRestoration (0ms)
========================================================================
Worker process is ready to serve import requests
Begin MonoManager ReloadAssembly
Symbol file LoadedFromMemory doesn't match image C:\Users\alber\WolfIsWatching\Library\PackageCache\com.unity.visualscripting@1.8.0\Editor\VisualScripting.Core\Dependencies\YamlDotNet\Unity.VisualScripting.YamlDotNet.dll
Symbol file LoadedFromMemory doesn't match image C:\Users\alber\WolfIsWatching\Library\PackageCache\com.unity.visualscripting@1.8.0\Editor\VisualScripting.Core\Dependencies\DotNetZip\Unity.VisualScripting.IonicZip.dll
- Loaded All Assemblies, in  0.405 seconds
Refreshing native plugins compatible for Editor in 1.61 ms, found 3 plugins.
Native extension for WindowsStandalone target not found
Native extension for WebGL target not found
Mono: successfully reloaded assembly
- Finished resetting the current domain, in  0.275 seconds
Domain Reload Profiling: 678ms
	BeginReloadAssembly (72ms)
		ExecutionOrderSort (0ms)
		DisableScriptedObjects (3ms)
		BackupInstance (0ms)
		ReleaseScriptingObjects (0ms)
		CreateAndSetChildDomain (12ms)
	RebuildCommonClasses (18ms)
	RebuildNativeTypeToScriptingClass (6ms)
	initialDomainReloadingComplete (25ms)
	LoadAllAssembliesAndSetupDomain (282ms)
		LoadAssemblies (155ms)
		RebuildTransferFunctionScriptingTraits (0ms)
		AnalyzeDomain (160ms)
			TypeCache.Refresh (149ms)
				TypeCache.ScanAssembly (143ms)
			ScanForSourceGeneratedMonoScriptInfo (8ms)
			ResolveRequiredComponents (2ms)
	FinalizeReload (275ms)
		ReleaseScriptCaches (0ms)
		RebuildScriptCaches (0ms)
		SetupLoadedEditorAssemblies (193ms)
			LogAssemblyErrors (0ms)
			InitializePlatformSupportModulesInManaged (4ms)
			SetLoadedEditorAssemblies (2ms)
			RefreshPlugins (0ms)
			BeforeProcessingInitializeOnLoad (33ms)
			ProcessInitializeOnLoadAttributes (140ms)
			ProcessInitializeOnLoadMethodAttributes (10ms)
			AfterProcessingInitializeOnLoad (5ms)
			EditorAssembliesLoaded (0ms)
		ExecutionOrderSort2 (0ms)
		AwakeInstancesAfterBackupRestoration (5ms)
Launched and connected shader compiler UnityShaderCompiler.exe after 0.03 seconds
Refreshing native plugins compatible for Editor in 1.71 ms, found 3 plugins.
Preloading 0 native plugins for Editor in 0.00 ms.
Unloading 3167 Unused Serialized files (Serialized files now loaded: 0)
Unloading 31 unused Assets / (56.5 KB). Loaded Objects now: 3639.
Memory consumption went from 123.4 MB to 123.3 MB.
Total: 3.210400 ms (FindLiveObjects: 0.230200 ms CreateObjectMapping: 0.080900 ms MarkObjects: 2.787400 ms  DeleteObjects: 0.111000 ms)

AssetImportParameters requested are different than current active one (requested -> active):
  custom:container-demuxer-ogg: 62fdf1f143b41e24485cea50d1cbac27 -> 
  custom:video-codec-MediaFoundation-h265: 746d11721c4dcdbdad8f713fa42b33f4 -> 
  custom:video-decoder-ogg-theora: a1e56fd34408186e4bbccfd4996cb3dc -> 
  custom:framework-win-MediaFoundation: 216162199b28c13a410421893ffa2e32 -> 
  custom:CustomObjectIndexerAttribute: 756ad292c208cfabdd7b50bc23989ffe -> 
  custom:container-demuxer-webm: 4f35f7cbe854078d1ac9338744f61a02 -> 
  custom:container-muxer-webm: aa71ff27fc2769a1b78a27578f13a17b -> 
  custom:video-decoder-webm-vp8: 9c59270c3fd7afecdb556c50c9e8de78 -> 
  custom:AudioImporter_EditorPlatform: d09bf68614088b80899f8185d706f6e7 -> 
  custom:video-encoder-webm-vp8: eb34c28f22e8b96e1ab97ce403110664 -> 
  custom:audio-decoder-ogg-vorbis: bf7c407c2cedff20999df2af8eb42d56 -> 
  custom:audio-encoder-webm-vorbis: bf7c407c2cedff20999df2af8eb42d56 -> 
========================================================================
Received Import Request.
  Time since last request: 531345.291146 seconds.
  path: Assets/Imports/Player/Art/Animations/Combat
  artifactKey: Guid(89e8d4563aef42e4a9187c9520a7100b) Importer(815301076,1909f56bfc062723c751e8b465ee728b)
Start importing Assets/Imports/Player/Art/Animations/Combat using Guid(89e8d4563aef42e4a9187c9520a7100b) Importer(815301076,1909f56bfc062723c751e8b465ee728b)  -> (artifact id: 'be6472762ad2f2c4a6c1eebe8b40ae07') in 0.001858 seconds
Number of updated asset objects reloaded before import = 0
Number of asset objects unloaded after import = 0
========================================================================
Received Import Request.
  Time since last request: 0.031434 seconds.
  path: Assets/Imports/Player/Art/Animations/Combat/BlockingLoop.fbx
  artifactKey: Guid(5cc53a90696edc1408fdda805eebb809) Importer(815301076,1909f56bfc062723c751e8b465ee728b)
Start importing Assets/Imports/Player/Art/Animations/Combat/BlockingLoop.fbx using Guid(5cc53a90696edc1408fdda805eebb809) Importer(815301076,1909f56bfc062723c751e8b465ee728b)  -> (artifact id: 'a215194c73a311094d670d6a26060f5a') in 0.017913 seconds
Number of updated asset objects reloaded before import = 0
Number of asset objects unloaded after import = 160
========================================================================
Received Import Request.
  Time since last request: 0.002823 seconds.
  path: Assets/Imports/Player/Art/Animations/Combat/MeeleeAttack_OneHanded.fbx
  artifactKey: Guid(b38fcdbf88f95f2468be0a4ae7aae7f8) Importer(815301076,1909f56bfc062723c751e8b465ee728b)
Start importing Assets/Imports/Player/Art/Animations/Combat/MeeleeAttack_OneHanded.fbx using Guid(b38fcdbf88f95f2468be0a4ae7aae7f8) Importer(815301076,1909f56bfc062723c751e8b465ee728b)  -> (artifact id: 'e54da5927981270e1b26c1b65a7e49c3') in 0.003828 seconds
Number of updated asset objects reloaded before import = 0
Number of asset objects unloaded after import = 160
========================================================================
Received Import Request.
  Time since last request: 0.000019 seconds.
  path: Assets/Imports/Player/Art/Animations/Combat/GetHit.fbx
  artifactKey: Guid(f75e27afa8373234f85607c745d65beb) Importer(815301076,1909f56bfc062723c751e8b465ee728b)
Start importing Assets/Imports/Player/Art/Animations/Combat/GetHit.fbx using Guid(f75e27afa8373234f85607c745d65beb) Importer(815301076,1909f56bfc062723c751e8b465ee728b)  -> (artifact id: 'b2bfc9405a794e3594b1de9946a7319b') in 0.003529 seconds
Number of updated asset objects reloaded before import = 0
Number of asset objects unloaded after import = 160
========================================================================
Received Import Request.
  Time since last request: 0.000010 seconds.
  path: Assets/Imports/Player/Art/Animations/Combat/Buff.fbx
  artifactKey: Guid(8f0e32dcca81a4e4f87c78bfe2b97005) Importer(815301076,1909f56bfc062723c751e8b465ee728b)
Start importing Assets/Imports/Player/Art/Animations/Combat/Buff.fbx using Guid(8f0e32dcca81a4e4f87c78bfe2b97005) Importer(815301076,1909f56bfc062723c751e8b465ee728b)  -> (artifact id: 'ce20e5f6093fdfddb0d09dcb87f1d85e') in 0.003794 seconds
Number of updated asset objects reloaded before import = 0
Number of asset objects unloaded after import = 160
========================================================================
Received Import Request.
  Time since last request: 0.000014 seconds.
  path: Assets/Imports/Player/Art/Animations/Combat/SpellCast.fbx
  artifactKey: Guid(6f0c27552a65e8a448a4eccc9851277b) Importer(815301076,1909f56bfc062723c751e8b465ee728b)
Start importing Assets/Imports/Player/Art/Animations/Combat/SpellCast.fbx using Guid(6f0c27552a65e8a448a4eccc9851277b) Importer(815301076,1909f56bfc062723c751e8b465ee728b)  -> (artifact id: 'ee258a59b5349e0f8da31a892bcf850a') in 0.004579 seconds
Number of updated asset objects reloaded before import = 0
Number of asset objects unloaded after import = 162
========================================================================
Received Import Request.
  Time since last request: 0.000013 seconds.
  path: Assets/Imports/Player/Art/Animations/Combat/CastingLoop.fbx
  artifactKey: Guid(e487d3680e9eb444ab919d2f9855308f) Importer(815301076,1909f56bfc062723c751e8b465ee728b)
Start importing Assets/Imports/Player/Art/Animations/Combat/CastingLoop.fbx using Guid(e487d3680e9eb444ab919d2f9855308f) Importer(815301076,1909f56bfc062723c751e8b465ee728b)  -> (artifact id: 'b633a39b1079cd7d94a3577ce14c18a8') in 0.004478 seconds
Number of updated asset objects reloaded before import = 0
Number of asset objects unloaded after import = 160
========================================================================
Received Import Request.
  Time since last request: 0.000013 seconds.
  path: Assets/Imports/Player/Art/Animations/Combat/SpinAttack_TwoWeapons.fbx
  artifactKey: Guid(fa9ccddb5938ff44a81ee06e2f6d1a58) Importer(815301076,1909f56bfc062723c751e8b465ee728b)
Start importing Assets/Imports/Player/Art/Animations/Combat/SpinAttack_TwoWeapons.fbx using Guid(fa9ccddb5938ff44a81ee06e2f6d1a58) Importer(815301076,1909f56bfc062723c751e8b465ee728b)  -> (artifact id: '77fca434aa5ce89f153d3faafa4bc26c') in 0.003760 seconds
Number of updated asset objects reloaded before import = 0
Number of asset objects unloaded after import = 160
========================================================================
Received Import Request.
  Time since last request: 0.000010 seconds.
  path: Assets/Imports/Player/Art/Animations/Combat/IdleCombat.fbx
  artifactKey: Guid(74fb58ff92b3147448fac70ba64cb662) Importer(815301076,1909f56bfc062723c751e8b465ee728b)
Start importing Assets/Imports/Player/Art/Animations/Combat/IdleCombat.fbx using Guid(74fb58ff92b3147448fac70ba64cb662) Importer(815301076,1909f56bfc062723c751e8b465ee728b)  -> (artifact id: '7ec93c01df988fb1d58b87b02e163f64') in 0.002940 seconds
Number of updated asset objects reloaded before import = 0
Number of asset objects unloaded after import = 160
========================================================================
Received Import Request.
  Time since last request: 0.000009 seconds.
  path: Assets/Imports/Player/Art/Animations/Combat/SpinLoop_TwoHanded.fbx
  artifactKey: Guid(7c113a9e8e9b62e43ae9a94fd6144f22) Importer(815301076,1909f56bfc062723c751e8b465ee728b)
Start importing Assets/Imports/Player/Art/Animations/Combat/SpinLoop_TwoHanded.fbx using Guid(7c113a9e8e9b62e43ae9a94fd6144f22) Importer(815301076,1909f56bfc062723c751e8b465ee728b)  -> (artifact id: 'fb54622dfc59db0c020fb10eb6926ab1') in 0.003306 seconds
Number of updated asset objects reloaded before import = 0
Number of asset objects unloaded after import = 160
Editor requested this worker to shutdown with reason: Scaling down because of idle timeout
TcpMessagingSession - receive error: operation aborted. errorcode: 995, details: La operación de E/S se anuló por una salida de subproceso o por una solicitud de aplicación.
AssetImportWorker is now disconnected from the server
Process exiting
Exiting without the bug reporter. Application will terminate with return code 0